TN:
SF:/home/treinamento-09/workspace/Projeto-CinEs-Engrenharia-de-Software/Servidor/app.js
FN:11,(anonymous_0)
FN:27,(anonymous_1)
FN:48,(anonymous_2)
FN:56,(anonymous_3)
FN:59,(anonymous_4)
FN:92,(anonymous_5)
FN:95,(anonymous_6)
FNF:7
FNH:2
FNDA:1,(anonymous_0)
FNDA:1,(anonymous_1)
FNDA:0,(anonymous_2)
FNDA:0,(anonymous_3)
FNDA:0,(anonymous_4)
FNDA:0,(anonymous_5)
FNDA:0,(anonymous_6)
DA:1,1
DA:2,1
DA:3,1
DA:5,1
DA:6,1
DA:9,1
DA:11,1
DA:12,1
DA:13,0
DA:15,1
DA:19,1
DA:20,1
DA:22,1
DA:23,1
DA:27,1
DA:28,1
DA:36,1
DA:37,1
DA:38,1
DA:39,1
DA:40,1
DA:41,1
DA:43,1
DA:44,1
DA:47,1
DA:49,0
DA:56,1
DA:59,0
DA:61,0
DA:63,0
DA:64,0
DA:65,0
DA:68,0
DA:69,0
DA:73,0
DA:77,0
DA:92,1
DA:95,0
DA:96,0
DA:139,1
DA:142,1
LF:41
LH:28
BRDA:12,0,0,0
BRDA:12,0,1,1
BRDA:61,1,0,0
BRDA:61,1,1,0
BRDA:63,2,0,0
BRDA:63,2,1,0
BRDA:65,3,0,0
BRDA:65,3,1,0
BRDA:68,4,0,0
BRDA:68,4,1,0
BRF:10
BRH:1
end_of_record
TN:
SF:/home/treinamento-09/workspace/Projeto-CinEs-Engrenharia-de-Software/Servidor/config.js
FNF:0
FNH:0
DA:1,1
LF:1
LH:1
BRF:0
BRH:0
end_of_record
TN:
SF:/home/treinamento-09/workspace/Projeto-CinEs-Engrenharia-de-Software/Servidor/intermediadorDeRotas/intermediadorDeRotas.js
FN:12,set
FNF:1
FNH:1
FNDA:1,set
DA:1,1
DA:3,1
DA:4,1
DA:5,1
DA:12,1
DA:13,1
DA:14,1
DA:15,1
DA:18,1
LF:9
LH:9
BRF:0
BRH:0
end_of_record
TN:
SF:/home/treinamento-09/workspace/Projeto-CinEs-Engrenharia-de-Software/Servidor/modelos/Filme.js
FNF:0
FNH:0
DA:1,1
DA:2,1
DA:7,1
DA:54,1
DA:56,1
LF:5
LH:5
BRF:0
BRH:0
end_of_record
TN:
SF:/home/treinamento-09/workspace/Projeto-CinEs-Engrenharia-de-Software/Servidor/modelos/Ingresso.js
FNF:0
FNH:0
DA:1,1
DA:2,1
DA:7,1
DA:30,1
DA:32,1
LF:5
LH:5
BRF:0
BRH:0
end_of_record
TN:
SF:/home/treinamento-09/workspace/Projeto-CinEs-Engrenharia-de-Software/Servidor/modelos/Usuario.js
FNF:0
FNH:0
DA:1,1
DA:2,1
DA:7,1
DA:32,1
DA:34,1
LF:5
LH:5
BRF:0
BRH:0
end_of_record
TN:
SF:/home/treinamento-09/workspace/Projeto-CinEs-Engrenharia-de-Software/Servidor/rotas/FilmeRota.js
FN:8,(anonymous_0)
FN:10,(anonymous_1)
FN:22,(anonymous_2)
FN:25,(anonymous_3)
FN:39,(anonymous_4)
FN:49,(anonymous_5)
FN:60,(anonymous_6)
FN:63,(anonymous_7)
FN:76,(anonymous_8)
FN:80,(anonymous_9)
FNF:10
FNH:10
FNDA:1,(anonymous_0)
FNDA:1,(anonymous_1)
FNDA:2,(anonymous_2)
FNDA:2,(anonymous_3)
FNDA:2,(anonymous_4)
FNDA:2,(anonymous_5)
FNDA:1,(anonymous_6)
FNDA:1,(anonymous_7)
FNDA:1,(anonymous_8)
FNDA:1,(anonymous_9)
DA:1,1
DA:2,1
DA:3,1
DA:8,1
DA:9,1
DA:10,1
DA:11,1
DA:12,0
DA:14,1
DA:22,1
DA:23,2
DA:25,2
DA:26,2
DA:27,0
DA:30,2
DA:31,2
DA:39,1
DA:40,2
DA:42,2
DA:49,2
DA:50,2
DA:51,0
DA:53,2
DA:60,1
DA:61,1
DA:63,1
DA:64,1
DA:65,0
DA:67,1
DA:76,1
DA:77,1
DA:78,1
DA:80,1
DA:81,1
DA:82,0
DA:84,1
DA:88,1
LF:37
LH:32
BRDA:11,0,0,0
BRDA:11,0,1,1
BRDA:26,1,0,0
BRDA:26,1,1,2
BRDA:26,2,0,2
BRDA:26,2,1,2
BRDA:50,3,0,0
BRDA:50,3,1,2
BRDA:64,4,0,0
BRDA:64,4,1,1
BRDA:81,5,0,0
BRDA:81,5,1,1
BRF:12
BRH:7
end_of_record
TN:
SF:/home/treinamento-09/workspace/Projeto-CinEs-Engrenharia-de-Software/Servidor/rotas/IngressoRota.js
FN:8,(anonymous_0)
FN:9,(anonymous_1)
FN:21,(anonymous_2)
FN:24,(anonymous_3)
FN:36,(anonymous_4)
FN:39,(anonymous_5)
FN:54,(anonymous_6)
FN:57,(anonymous_7)
FN:69,(anonymous_8)
FN:74,(anonymous_9)
FNF:10
FNH:10
FNDA:1,(anonymous_0)
FNDA:1,(anonymous_1)
FNDA:2,(anonymous_2)
FNDA:2,(anonymous_3)
FNDA:2,(anonymous_4)
FNDA:2,(anonymous_5)
FNDA:1,(anonymous_6)
FNDA:1,(anonymous_7)
FNDA:1,(anonymous_8)
FNDA:1,(anonymous_9)
DA:1,1
DA:2,1
DA:3,1
DA:8,1
DA:9,1
DA:10,1
DA:11,0
DA:13,1
DA:21,1
DA:22,2
DA:24,2
DA:25,2
DA:26,0
DA:28,2
DA:36,1
DA:37,2
DA:39,2
DA:41,2
DA:43,2
DA:44,0
DA:46,2
DA:54,1
DA:55,1
DA:57,1
DA:58,1
DA:59,0
DA:61,1
DA:69,1
DA:70,1
DA:71,1
DA:72,1
DA:74,1
DA:75,1
DA:76,0
DA:78,1
DA:84,1
LF:36
LH:31
BRDA:10,0,0,0
BRDA:10,0,1,1
BRDA:25,1,0,0
BRDA:25,1,1,2
BRDA:25,2,0,2
BRDA:25,2,1,2
BRDA:43,3,0,0
BRDA:43,3,1,2
BRDA:58,4,0,0
BRDA:58,4,1,1
BRDA:75,5,0,0
BRDA:75,5,1,1
BRF:12
BRH:7
end_of_record
TN:
SF:/home/treinamento-09/workspace/Projeto-CinEs-Engrenharia-de-Software/Servidor/rotas/UsuarioRota.js
FN:8,(anonymous_0)
FN:9,(anonymous_1)
FN:21,(anonymous_2)
FN:24,(anonymous_3)
FN:36,(anonymous_4)
FN:39,(anonymous_5)
FN:54,(anonymous_6)
FN:57,(anonymous_7)
FN:69,(anonymous_8)
FN:74,(anonymous_9)
FNF:10
FNH:10
FNDA:1,(anonymous_0)
FNDA:1,(anonymous_1)
FNDA:2,(anonymous_2)
FNDA:2,(anonymous_3)
FNDA:2,(anonymous_4)
FNDA:2,(anonymous_5)
FNDA:1,(anonymous_6)
FNDA:1,(anonymous_7)
FNDA:1,(anonymous_8)
FNDA:1,(anonymous_9)
DA:1,1
DA:2,1
DA:3,1
DA:8,1
DA:9,1
DA:10,1
DA:11,0
DA:13,1
DA:21,1
DA:22,2
DA:24,2
DA:25,2
DA:26,0
DA:28,2
DA:36,1
DA:37,2
DA:39,2
DA:41,2
DA:43,2
DA:44,0
DA:46,2
DA:54,1
DA:55,1
DA:57,1
DA:58,1
DA:59,0
DA:61,1
DA:69,1
DA:70,1
DA:71,1
DA:72,1
DA:74,1
DA:75,1
DA:76,0
DA:78,1
DA:83,1
LF:36
LH:31
BRDA:10,0,0,0
BRDA:10,0,1,1
BRDA:25,1,0,0
BRDA:25,1,1,2
BRDA:25,2,0,2
BRDA:25,2,1,2
BRDA:43,3,0,0
BRDA:43,3,1,2
BRDA:58,4,0,0
BRDA:58,4,1,1
BRDA:75,5,0,0
BRDA:75,5,1,1
BRF:12
BRH:7
end_of_record
